# JRE version: Java(TM) SE Runtime Environment 18.9 (11.0.13+10) (build 11.0.13+10-LTS-370)
# Java VM: Java HotSpot(TM) 64-Bit Server VM 18.9 (11.0.13+10-LTS-370, mixed mode, tiered, compressed oops, g1 gc, windows-amd64)
Heap:
 garbage-first heap   total 224256K, used 24902K [0x0000000080000000, 0x0000000100000000)
  region size 1024K, 8 young (8192K), 8 survivors (8192K)
 Metaspace       used 27363K, capacity 27926K, committed 28160K, reserved 1075200K
  class space    used 2770K, capacity 2965K, committed 3072K, reserved 1048576K
GC Heap History (10 events):
Event: 1.973 GC heap after
{Heap after GC invocations=4 (full 0):
 garbage-first heap   total 131072K, used 4024K [0x0000000080000000, 0x0000000100000000)
  region size 1024K, 3 young (3072K), 3 survivors (3072K)
 Metaspace       used 14689K, capacity 14840K, committed 14976K, reserved 1062912K
  class space    used 1519K, capacity 1581K, committed 1664K, reserved 1048576K
}
Event: 3.470 GC heap before
{Heap before GC invocations=4 (full 0):
 garbage-first heap   total 131072K, used 37816K [0x0000000080000000, 0x0000000100000000)
  region size 1024K, 36 young (36864K), 3 survivors (3072K)
 Metaspace       used 19944K, capacity 20245K, committed 20480K, reserved 1067008K
  class space    used 2101K, capacity 2218K, committed 2304K, reserved 1048576K
}
Event: 3.491 GC heap after
{Heap after GC invocations=5 (full 0):
 garbage-first heap   total 157696K, used 6865K [0x0000000080000000, 0x0000000100000000)
  region size 1024K, 5 young (5120K), 5 survivors (5120K)
 Metaspace       used 19944K, capacity 20245K, committed 20480K, reserved 1067008K
  class space    used 2101K, capacity 2218K, committed 2304K, reserved 1048576K
}
Event: 4.742 GC heap before
{Heap before GC invocations=5 (full 0):
 garbage-first heap   total 157696K, used 54993K [0x0000000080000000, 0x0000000100000000)
  region size 1024K, 53 young (54272K), 5 survivors (5120K)
 Metaspace       used 20873K, capacity 21187K, committed 21248K, reserved 1069056K
  class space    used 2146K, capacity 2254K, committed 2304K, reserved 1048576K
}
Event: 4.771 GC heap after
{Heap after GC invocations=6 (full 0):
 garbage-first heap   total 157696K, used 11792K [0x0000000080000000, 0x0000000100000000)
  region size 1024K, 10 young (10240K), 10 survivors (10240K)
 Metaspace       used 20873K, capacity 21187K, committed 21248K, reserved 1069056K
  class space    used 2146K, capacity 2254K, committed 2304K, reserved 1048576K
}
Event: 5.799 GC heap before
{Heap before GC invocations=7 (full 0):
 garbage-first heap   total 157696K, used 67088K [0x0000000080000000, 0x0000000100000000)
  region size 1024K, 64 young (65536K), 10 survivors (10240K)
 Metaspace       used 21444K, capacity 21780K, committed 22016K, reserved 1069056K
  class space    used 2158K, capacity 2259K, committed 2304K, reserved 1048576K
}
Event: 5.850 GC heap after
{Heap after GC invocations=8 (full 0):
 garbage-first heap   total 157696K, used 17142K [0x0000000080000000, 0x0000000100000000)
  region size 1024K, 6 young (6144K), 6 survivors (6144K)
 Metaspace       used 21444K, capacity 21780K, committed 22016K, reserved 1069056K
  class space    used 2158K, capacity 2259K, committed 2304K, reserved 1048576K
}
Event: 7.928 GC heap before
{Heap before GC invocations=8 (full 0):
 garbage-first heap   total 157696K, used 129782K [0x0000000080000000, 0x0000000100000000)
  region size 1024K, 68 young (69632K), 6 survivors (6144K)
 Metaspace       used 23904K, capacity 24387K, committed 24704K, reserved 1071104K
  class space    used 2376K, capacity 2574K, committed 2688K, reserved 1048576K
}
Event: 7.952 GC heap after
{Heap after GC invocations=9 (full 0):
 garbage-first heap   total 157696K, used 20992K [0x0000000080000000, 0x0000000100000000)
  region size 1024K, 4 young (4096K), 4 survivors (4096K)
 Metaspace       used 23904K, capacity 24387K, committed 24704K, reserved 1071104K
  class space    used 2376K, capacity 2574K, committed 2688K, reserved 1048576K
}
Event: 10.848 GC heap before
{Heap before GC invocations=9 (full 0):
 garbage-first heap   total 157696K, used 133632K [0x0000000080000000, 0x0000000100000000)
  region size 1024K, 84 young (86016K), 4 survivors (4096K)
 Metaspace       used 27363K, capacity 27926K, committed 28160K, reserved 1075200K
  class space    used 2770K, capacity 2965K, committed 3072K, reserved 1048576K
}

